#
# There is insufficient memory for the Java Runtime Environment to continue.
# Native memory allocation (malloc) failed to allocate 1048576 bytes. Error detail: AllocateHeap
# Possible reasons:
#   The system is out of physical RAM or swap space
#   This process is running with CompressedOops enabled, and the Java Heap may be blocking the growth of the native heap
# Possible solutions:
#   Reduce memory load on the system
#   Increase physical memory or swap space
#   Check if swap backing store is full
#   Decrease Java heap size (-Xmx/-Xms)
#   Decrease number of Java threads
#   Decrease Java thread stack sizes (-Xss)
#   Set larger code cache with -XX:ReservedCodeCacheSize=
#   JVM is running with Unscaled Compressed Oops mode in which the Java heap is
#     placed in the first 4GB address space. The Java Heap base address is the
#     maximum limit for the native heap growth. Please use -XX:HeapBaseMinAddress
#     to set the Java Heap base and to place the Java Heap above 4GB virtual address.
# This output file may be truncated or incomplete.
#
#  Out of Memory Error (allocation.cpp:44), pid=40908, tid=36992
#
# JRE version: OpenJDK Runtime Environment Temurin-21.0.9+10 (21.0.9+10) (build 21.0.9+10-LTS)
# Java VM: OpenJDK 64-Bit Server VM Temurin-21.0.9+10 (21.0.9+10-LTS, mixed mode, sharing, tiered, compressed oops, compressed class ptrs, parallel gc, windows-amd64)
# No core dump will be written. Minidumps are not enabled by default on client versions of Windows
#

---------------  S U M M A R Y ------------

Command Line: --add-modules=ALL-SYSTEM --add-opens=java.base/java.util=ALL-UNNAMED --add-opens=java.base/java.lang=ALL-UNNAMED --add-opens=java.base/sun.nio.fs=ALL-UNNAMED -Declipse.application=org.eclipse.jdt.ls.core.id1 -Dosgi.bundles.defaultStartLevel=4 -Declipse.product=org.eclipse.jdt.ls.core.product -Djava.import.generatesMetadataFilesAtProjectRoot=false -DDetectVMInstallationsJob.disabled=true -Dfile.encoding=utf8 -XX:+UseParallelGC -XX:GCTimeRatio=4 -XX:AdaptiveSizePolicyWeight=90 -Dsun.zip.disableMemoryMapping=true -Xmx2G -Xms100m -Xlog:disable -javaagent:c:\Users\Mathis\.antigravity\extensions\redhat.java-1.52.0-win32-x64\lombok\lombok-1.18.39-4050.jar -XX:+HeapDumpOnOutOfMemoryError -XX:HeapDumpPath=c:\Users\Mathis\AppData\Roaming\Antigravity\User\workspaceStorage\833da29168f12bd4bdf3134e66426bed\redhat.java -Daether.dependencyCollector.impl=bf c:\Users\Mathis\.antigravity\extensions\redhat.java-1.52.0-win32-x64\server\plugins\org.eclipse.equinox.launcher_1.7.100.v20251111-0406.jar -configuration c:\Users\Mathis\AppData\Roaming\Antigravity\User\globalStorage\redhat.java\1.52.0\config_win -data c:\Users\Mathis\AppData\Roaming\Antigravity\User\workspaceStorage\833da29168f12bd4bdf3134e66426bed\redhat.java\jdt_ws --pipe=\\.\pipe\lsp-9b663b4950555378bbb3b9b73e12fd0d-sock

Host: 12th Gen Intel(R) Core(TM) i5-1235U, 12 cores, 15G,  Windows 11 , 64 bit Build 26100 (10.0.26100.7920)
Time: Tue Mar 17 11:46:46 2026 Paris, Madrid elapsed time: 3883.790456 seconds (0d 1h 4m 43s)

---------------  T H R E A D  ---------------

Current thread (0x00000214d0ba8a70):  JavaThread "Attach Listener" daemon [_thread_in_vm, id=36992, stack(0x000000803d500000,0x000000803d600000) (1024K)]

Stack: [0x000000803d500000,0x000000803d600000]
Native frames: (J=compiled Java code, j=interpreted, Vv=VM code, C=native code)
V  [jvm.dll+0x6d6e29]
V  [jvm.dll+0x8b4b76]
V  [jvm.dll+0x8b712e]
V  [jvm.dll+0x8b7813]
V  [jvm.dll+0x283d86]
V  [jvm.dll+0xc1277]
V  [jvm.dll+0x6d76d9]
V  [jvm.dll+0x133466]
V  [jvm.dll+0x3f7ea6]
V  [jvm.dll+0x85e9ad]
V  [jvm.dll+0x6d565d]
C  [ucrtbase.dll+0x37b0]
C  [KERNEL32.DLL+0x2e8d7]
C  [ntdll.dll+0x8c48c]


---------------  P R O C E S S  ---------------

Threads class SMR info:
_java_thread_list=0x00000214eecc6180, length=39, elements={
0x00000214d0afde50, 0x00000214d0ba43e0, 0x00000214d0aaca00, 0x00000214d0ba7030,
0x00000214d0ba8a70, 0x00000214d0ba9100, 0x00000214d0baa4b0, 0x00000214d0bbbcb0,
0x00000214e8867cc0, 0x00000214d0ba7d50, 0x00000214d0ba83e0, 0x00000214d0ba76c0,
0x00000214d0ba9790, 0x00000214d0ba9e20, 0x00000214e9f16220, 0x00000214e9f15500,
0x00000214e9f168b0, 0x00000214e9f15b90, 0x00000214e9f175d0, 0x00000214e9f147e0,
0x00000214e9f17c60, 0x00000214e9f1b0e0, 0x00000214e9f19d30, 0x00000214e9f1a3c0,
0x00000214e9f19010, 0x00000214e9f1aa50, 0x00000214e9f1b770, 0x00000214e9f1be00,
0x00000214e9f18980, 0x00000214f1b6dc10, 0x00000214f1b6bb40, 0x00000214f1b6c1d0,
0x00000214f1b6e2a0, 0x00000214f1b6e930, 0x00000214f1b6c860, 0x00000214f1b6cef0,
0x00000214f1b6f650, 0x00000214f1b6efc0, 0x00000214f1b71720
}

Java Threads: ( => current thread )
  0x00000214d0afde50 JavaThread "main"                              [_thread_blocked, id=39428, stack(0x000000803ce00000,0x000000803cf00000) (1024K)]
  0x00000214d0ba43e0 JavaThread "Reference Handler"          daemon [_thread_blocked, id=3772, stack(0x000000803d200000,0x000000803d300000) (1024K)]
  0x00000214d0aaca00 JavaThread "Finalizer"                  daemon [_thread_blocked, id=39896, stack(0x000000803d300000,0x000000803d400000) (1024K)]
  0x00000214d0ba7030 JavaThread "Signal Dispatcher"          daemon [_thread_blocked, id=41912, stack(0x000000803d400000,0x000000803d500000) (1024K)]
=>0x00000214d0ba8a70 JavaThread "Attach Listener"            daemon [_thread_in_vm, id=36992, stack(0x000000803d500000,0x000000803d600000) (1024K)]
  0x00000214d0ba9100 JavaThread "Service Thread"             daemon [_thread_blocked, id=34788, stack(0x000000803d600000,0x000000803d700000) (1024K)]
  0x00000214d0baa4b0 JavaThread "Monitor Deflation Thread"   daemon [_thread_blocked, id=43364, stack(0x000000803d700000,0x000000803d800000) (1024K)]
  0x00000214d0bbbcb0 JavaThread "C2 CompilerThread0"         daemon [_thread_blocked, id=44696, stack(0x000000803d800000,0x000000803d900000) (1024K)]
  0x00000214e8867cc0 JavaThread "C1 CompilerThread0"         daemon [_thread_blocked, id=43260, stack(0x000000803d900000,0x000000803da00000) (1024K)]
  0x00000214d0ba7d50 JavaThread "Common-Cleaner"             daemon [_thread_blocked, id=36152, stack(0x000000803db00000,0x000000803dc00000) (1024K)]
  0x00000214d0ba83e0 JavaThread "Notification Thread"        daemon [_thread_blocked, id=44008, stack(0x000000803dc00000,0x000000803dd00000) (1024K)]
  0x00000214d0ba76c0 JavaThread "Active Thread: Equinox Container: 7d0bb3db-d7ad-4a5e-b358-acd5c67ec06e"        [_thread_blocked, id=42576, stack(0x000000803e300000,0x000000803e400000) (1024K)]
  0x00000214d0ba9790 JavaThread "Refresh Thread: Equinox Container: 7d0bb3db-d7ad-4a5e-b358-acd5c67ec06e" daemon [_thread_blocked, id=31144, stack(0x000000803e400000,0x000000803e500000) (1024K)]
  0x00000214d0ba9e20 JavaThread "Framework Event Dispatcher: Equinox Container: 7d0bb3db-d7ad-4a5e-b358-acd5c67ec06e" daemon [_thread_blocked, id=44224, stack(0x000000803e500000,0x000000803e600000) (1024K)]
  0x00000214e9f16220 JavaThread "Start Level: Equinox Container: 7d0bb3db-d7ad-4a5e-b358-acd5c67ec06e" daemon [_thread_blocked, id=44648, stack(0x000000803e600000,0x000000803e700000) (1024K)]
  0x00000214e9f15500 JavaThread "Bundle File Closer"         daemon [_thread_blocked, id=44588, stack(0x000000803ea00000,0x000000803eb00000) (1024K)]
  0x00000214e9f168b0 JavaThread "SCR Component Actor"        daemon [_thread_blocked, id=33708, stack(0x000000803e700000,0x000000803e800000) (1024K)]
  0x00000214e9f15b90 JavaThread "Worker-JM"                         [_thread_blocked, id=28700, stack(0x000000803ed00000,0x000000803ee00000) (1024K)]
  0x00000214e9f175d0 JavaThread "Worker-1"                          [_thread_blocked, id=43828, stack(0x000000803ef00000,0x000000803f000000) (1024K)]
  0x00000214e9f147e0 JavaThread "Java indexing"              daemon [_thread_blocked, id=35560, stack(0x000000803f000000,0x000000803f100000) (1024K)]
  0x00000214e9f17c60 JavaThread "JNA Cleaner"                daemon [_thread_blocked, id=35224, stack(0x000000803ec00000,0x000000803ed00000) (1024K)]
  0x00000214e9f1b0e0 JavaThread "Worker-4"                          [_thread_blocked, id=42076, stack(0x000000803f700000,0x000000803f800000) (1024K)]
  0x00000214e9f19d30 JavaThread "Thread-1"                   daemon [_thread_in_native, id=34288, stack(0x000000803f900000,0x000000803fa00000) (1024K)]
  0x00000214e9f1a3c0 JavaThread "Thread-2"                   daemon [_thread_in_native, id=35052, stack(0x000000803fa00000,0x000000803fb00000) (1024K)]
  0x00000214e9f19010 JavaThread "Thread-3"                   daemon [_thread_in_native, id=18732, stack(0x000000803fb00000,0x000000803fc00000) (1024K)]
  0x00000214e9f1aa50 JavaThread "Thread-4"                   daemon [_thread_in_native, id=27024, stack(0x000000803fc00000,0x000000803fd00000) (1024K)]
  0x00000214e9f1b770 JavaThread "Thread-5"                   daemon [_thread_in_native, id=30292, stack(0x000000803fd00000,0x000000803fe00000) (1024K)]
  0x00000214e9f1be00 JavaThread "Thread-6"                   daemon [_thread_in_native, id=40440, stack(0x000000803fe00000,0x000000803ff00000) (1024K)]
  0x00000214e9f18980 JavaThread "Thread-7"                   daemon [_thread_in_native, id=41464, stack(0x000000803ff00000,0x0000008040000000) (1024K)]
  0x00000214f1b6dc10 JavaThread "Thread-8"                   daemon [_thread_in_native, id=43816, stack(0x0000008040000000,0x0000008040100000) (1024K)]
  0x00000214f1b6bb40 JavaThread "Thread-9"                   daemon [_thread_in_native, id=31660, stack(0x0000008040100000,0x0000008040200000) (1024K)]
  0x00000214f1b6c1d0 JavaThread "Thread-10"                  daemon [_thread_in_native, id=4760, stack(0x0000008040200000,0x0000008040300000) (1024K)]
  0x00000214f1b6e2a0 JavaThread "Thread-11"                  daemon [_thread_in_native, id=44772, stack(0x0000008040300000,0x0000008040400000) (1024K)]
  0x00000214f1b6e930 JavaThread "Thread-12"                  daemon [_thread_in_native, id=30612, stack(0x0000008040400000,0x0000008040500000) (1024K)]
  0x00000214f1b6c860 JavaThread "Thread-13"                  daemon [_thread_in_native, id=34156, stack(0x0000008040500000,0x0000008040600000) (1024K)]
  0x00000214f1b6cef0 JavaThread "pool-2-thread-1"                   [_thread_blocked, id=31688, stack(0x0000008040600000,0x0000008040700000) (1024K)]
  0x00000214f1b6f650 JavaThread "WorkspaceEventsHandler"            [_thread_blocked, id=5136, stack(0x0000008040800000,0x0000008040900000) (1024K)]
  0x00000214f1b6efc0 JavaThread "pool-1-thread-1"                   [_thread_blocked, id=29160, stack(0x0000008040900000,0x0000008040a00000) (1024K)]
  0x00000214f1b71720 JavaThread "pool-3-thread-1"                   [_thread_blocked, id=20572, stack(0x000000803eb00000,0x000000803ec00000) (1024K)]
Total: 39

Other Threads:
  0x00000214d0a94930 VMThread "VM Thread"                           [id=36264, stack(0x000000803d100000,0x000000803d200000) (1024K)]
  0x00000214d098ca00 WatcherThread "VM Periodic Task Thread"        [id=43672, stack(0x000000803d000000,0x000000803d100000) (1024K)]
  0x00000214d0b1e050 WorkerThread "GC Thread#0"                     [id=2692, stack(0x000000803cf00000,0x000000803d000000) (1024K)]
  0x00000214e9b98130 WorkerThread "GC Thread#1"                     [id=10668, stack(0x000000803dd00000,0x000000803de00000) (1024K)]
  0x00000214ee21c9e0 WorkerThread "GC Thread#2"                     [id=24936, stack(0x000000803de00000,0x000000803df00000) (1024K)]
  0x00000214e98d5910 WorkerThread "GC Thread#3"                     [id=41588, stack(0x000000803df00000,0x000000803e000000) (1024K)]
  0x00000214e98d5cb0 WorkerThread "GC Thread#4"                     [id=31188, stack(0x000000803e000000,0x000000803e100000) (1024K)]
  0x00000214e98d6050 WorkerThread "GC Thread#5"                     [id=32644, stack(0x000000803e100000,0x000000803e200000) (1024K)]
  0x00000214e98d63f0 WorkerThread "GC Thread#6"                     [id=26244, stack(0x000000803e200000,0x000000803e300000) (1024K)]
  0x00000214e9c04880 WorkerThread "GC Thread#7"                     [id=19068, stack(0x000000803da00000,0x000000803db00000) (1024K)]
  0x00000214e9c05aa0 WorkerThread "GC Thread#8"                     [id=23816, stack(0x000000803e800000,0x000000803e900000) (1024K)]
  0x00000214e9c04140 WorkerThread "GC Thread#9"                     [id=30840, stack(0x000000803e900000,0x000000803ea00000) (1024K)]
Total: 12

Threads with active compile tasks:
Total: 0

VM state: not at safepoint (normal execution)

VM Mutex/Monitor currently owned by a thread: None

Heap address: 0x0000000080000000, size: 2048 MB, Compressed Oops mode: 32-bit

CDS archive(s) mapped at: [0x0000021480000000-0x0000021480ba0000-0x0000021480ba0000), size 12189696, SharedBaseAddress: 0x0000021480000000, ArchiveRelocationMode: 1.
Compressed class space mapped at: 0x0000021481000000-0x00000214c1000000, reserved size: 1073741824
Narrow klass base: 0x0000021480000000, Narrow klass shift: 0, Narrow klass range: 0x100000000

GC Precious Log:
 CardTable entry size: 512
 CPUs: 12 total, 12 available
 Memory: 16088M
 Large Page Support: Disabled
 NUMA Support: Disabled
 Compressed Oops: Enabled (32-bit)
 Alignments: Space 512K, Generation 512K, Heap 2M
 Heap Min Capacity: 100M
 Heap Initial Capacity: 100M
 Heap Max Capacity: 2G
 Pre-touch: Disabled
 Parallel Workers: 10

Heap:
 PSYoungGen      total 3072K, used 2262K [0x00000000d5580000, 0x00000000d5b00000, 0x0000000100000000)
  eden space 1536K, 77% used [0x00000000d5580000,0x00000000d56a98b8,0x00000000d5700000)
  from space 1536K, 69% used [0x00000000d5980000,0x00000000d5a8c000,0x00000000d5b00000)
  to   space 1536K, 0% used [0x00000000d5800000,0x00000000d5800000,0x00000000d5980000)
 ParOldGen       total 614400K, used 614211K [0x0000000080000000, 0x00000000a5800000, 0x00000000d5580000)
  object space 614400K, 99% used [0x0000000080000000,0x00000000a57d0c20,0x00000000a5800000)
 Metaspace       used 65324K, committed 66624K, reserved 1114112K
  class space    used 6943K, committed 7488K, reserved 1048576K

Card table byte_map: [0x00000214d04a0000,0x00000214d08b0000] _byte_map_base: 0x00000214d00a0000

Marking Bits: (ParMarkBitMap*) 0x00007ffd14cf2460
 Begin Bits: [0x00000214e2fb0000, 0x00000214e4fb0000)
 End Bits:   [0x00000214e4fb0000, 0x00000214e6fb0000)

Polling page: 0x00000214ce870000

Metaspace:

Usage:
  Non-class:     57.01 MB used.
      Class:      6.78 MB used.
       Both:     63.79 MB used.

Virtual space:
  Non-class space:       64.00 MB reserved,      57.75 MB ( 90%) committed,  1 nodes.
      Class space:        1.00 GB reserved,       7.31 MB ( <1%) committed,  1 nodes.
             Both:        1.06 GB reserved,      65.06 MB (  6%) committed. 

Chunk freelists:
   Non-Class:  5.82 MB
       Class:  8.63 MB
        Both:  14.46 MB

MaxMetaspaceSize: unlimited
CompressedClassSpaceSize: 1.00 GB
Initial GC threshold: 21.00 MB
Current GC threshold: 97.31 MB
CDS: on
 - commit_granule_bytes: 65536.
 - commit_granule_words: 8192.
 - virtual_space_node_default_size: 8388608.
 - enlarge_chunks_in_place: 1.
 - use_allocation_guard: 0.


Internal statistics:

num_allocs_failed_limit: 9.
num_arena_births: 1036.
num_arena_deaths: 14.
num_vsnodes_births: 2.
num_vsnodes_deaths: 0.
num_space_committed: 1041.
num_space_uncommitted: 0.
num_chunks_returned_to_freelist: 23.
num_chunks_taken_from_freelist: 3828.
num_chunk_merges: 12.
num_chunk_splits: 2360.
num_chunks_enlarged: 1386.
num_inconsistent_stats: 0.

CodeHeap 'non-profiled nmethods': size=120000Kb used=9150Kb max_used=9150Kb free=110849Kb
 bounds [0x00000214db7d0000, 0x00000214dc0c0000, 0x00000214e2d00000]
CodeHeap 'profiled nmethods': size=120000Kb used=23593Kb max_used=23593Kb free=96406Kb
 bounds [0x00000214d3d00000, 0x00000214d5410000, 0x00000214db230000]
CodeHeap 'non-nmethods': size=5760Kb used=1469Kb max_used=1562Kb free=4291Kb
 bounds [0x00000214db230000, 0x00000214db4a0000, 0x00000214db7d0000]
CodeCache: size=245760Kb, used=34212Kb, max_used=34305Kb, free=211546Kb
 total_blobs=11053, nmethods=10267, adapters=691, full_count=0
Compilation: enabled, stopped_count=0, restarted_count=0

Compilation events (20 events):
Event: 3036.797 Thread 0x00000214d0bbbcb0 nmethod 11069 0x00000214dc0baa90 code [0x00000214dc0bac20, 0x00000214dc0bacc8]
Event: 3036.820 Thread 0x00000214e8867cc0 nmethod 11067 0x00000214d5406990 code [0x00000214d5406c20, 0x00000214d5407ad0]
Event: 3036.822 Thread 0x00000214e8867cc0 11068       3       org.eclipse.core.internal.resources.MarkerInfo::shareStrings (21 bytes)
Event: 3036.830 Thread 0x00000214e8867cc0 nmethod 11068 0x00000214d5407e10 code [0x00000214d5407fc0, 0x00000214d5408190]
Event: 3128.803 Thread 0x00000214e8867cc0 11070       3       java.lang.ProcessHandleImpl::<init> (15 bytes)
Event: 3128.809 Thread 0x00000214e8867cc0 nmethod 11070 0x00000214d5408290 code [0x00000214d5408440, 0x00000214d54085b0]
Event: 3138.805 Thread 0x00000214e8867cc0 11071       3       java.lang.ProcessHandleImpl::get (51 bytes)
Event: 3138.827 Thread 0x00000214e8867cc0 nmethod 11071 0x00000214d5408690 code [0x00000214d54088a0, 0x00000214d5408ea8]
Event: 3158.808 Thread 0x00000214e8867cc0 11072       3       java.lang.ProcessHandle::of (5 bytes)
Event: 3158.808 Thread 0x00000214e8867cc0 nmethod 11072 0x00000214d5409110 code [0x00000214d54092c0, 0x00000214d54093d8]
Event: 3158.808 Thread 0x00000214e8867cc0 11073       3       java.lang.ProcessHandleImpl::isAlive (44 bytes)
Event: 3158.810 Thread 0x00000214e8867cc0 nmethod 11073 0x00000214d5409490 code [0x00000214d5409640, 0x00000214d54098a0]
Event: 3424.239 Thread 0x00000214e8867cc0 11074       1       org.eclipse.osgi.internal.location.BasicLocation::isReadOnly (5 bytes)
Event: 3424.249 Thread 0x00000214e8867cc0 nmethod 11074 0x00000214dc0bad90 code [0x00000214dc0baf20, 0x00000214dc0baff0]
Event: 3430.040 Thread 0x00000214d0bbbcb0 11075       4       org.eclipse.core.runtime.Path::<init> (161 bytes)
Event: 3430.339 Thread 0x00000214d0bbbcb0 nmethod 11075 0x00000214dc0bb090 code [0x00000214dc0bb3c0, 0x00000214dc0bd150]
Event: 3430.340 Thread 0x00000214d0bbbcb0 11076       4       java.nio.file.Path::of (119 bytes)
Event: 3430.413 Thread 0x00000214d0bbbcb0 nmethod 11076 0x00000214dc0be610 code [0x00000214dc0be880, 0x00000214dc0bf258]
Event: 3878.940 Thread 0x00000214e8867cc0 11077       3       org.eclipse.jdt.ls.core.internal.ParentProcessWatcher::parentProcessStillRunning (62 bytes)
Event: 3879.045 Thread 0x00000214e8867cc0 nmethod 11077 0x00000214d5409990 code [0x00000214d5409bc0, 0x00000214d540a2a8]

GC Heap History (20 events):
Event: 1863.033 GC heap before
{Heap before GC invocations=612 (full 3):
 PSYoungGen      total 4608K, used 4534K [0x00000000d5580000, 0x00000000d5c80000, 0x0000000100000000)
  eden space 2560K, 100% used [0x00000000d5580000,0x00000000d5800000,0x00000000d5800000)
  from space 2048K, 96% used [0x00000000d5a00000,0x00000000d5beda80,0x00000000d5c00000)
  to   space 2048K, 0% used [0x00000000d5800000,0x00000000d5800000,0x00000000d5a00000)
 ParOldGen       total 596480K, used 596133K [0x0000000080000000, 0x00000000a4680000, 0x00000000d5580000)
  object space 596480K, 99% used [0x0000000080000000,0x00000000a4629660,0x00000000a4680000)
 Metaspace       used 65176K, committed 66432K, reserved 1114112K
  class space    used 6940K, committed 7488K, reserved 1048576K
}
Event: 1863.037 GC heap after
{Heap after GC invocations=612 (full 3):
 PSYoungGen      total 4608K, used 2048K [0x00000000d5580000, 0x00000000d6180000, 0x0000000100000000)
  eden space 2560K, 0% used [0x00000000d5580000,0x00000000d5580000,0x00000000d5800000)
  from space 2048K, 100% used [0x00000000d5800000,0x00000000d5a00000,0x00000000d5a00000)
  to   space 4608K, 0% used [0x00000000d5d00000,0x00000000d5d00000,0x00000000d6180000)
 ParOldGen       total 598528K, used 598265K [0x0000000080000000, 0x00000000a4880000, 0x00000000d5580000)
  object space 598528K, 99% used [0x0000000080000000,0x00000000a483e610,0x00000000a4880000)
 Metaspace       used 65176K, committed 66432K, reserved 1114112K
  class space    used 6940K, committed 7488K, reserved 1048576K
}
Event: 1863.093 GC heap before
{Heap before GC invocations=613 (full 3):
 PSYoungGen      total 4608K, used 4608K [0x00000000d5580000, 0x00000000d6180000, 0x0000000100000000)
  eden space 2560K, 100% used [0x00000000d5580000,0x00000000d5800000,0x00000000d5800000)
  from space 2048K, 100% used [0x00000000d5800000,0x00000000d5a00000,0x00000000d5a00000)
  to   space 4608K, 0% used [0x00000000d5d00000,0x00000000d5d00000,0x00000000d6180000)
 ParOldGen       total 598528K, used 598265K [0x0000000080000000, 0x00000000a4880000, 0x00000000d5580000)
  object space 598528K, 99% used [0x0000000080000000,0x00000000a483e610,0x00000000a4880000)
 Metaspace       used 65196K, committed 66496K, reserved 1114112K
  class space    used 6940K, committed 7488K, reserved 1048576K
}
Event: 1863.099 GC heap after
{Heap after GC invocations=613 (full 3):
 PSYoungGen      total 4608K, used 1648K [0x00000000d5580000, 0x00000000d5f00000, 0x0000000100000000)
  eden space 2560K, 0% used [0x00000000d5580000,0x00000000d5580000,0x00000000d5800000)
  from space 2048K, 80% used [0x00000000d5d00000,0x00000000d5e9c000,0x00000000d5f00000)
  to   space 3072K, 0% used [0x00000000d5900000,0x00000000d5900000,0x00000000d5c00000)
 ParOldGen       total 600576K, used 600349K [0x0000000080000000, 0x00000000a4a80000, 0x00000000d5580000)
  object space 600576K, 99% used [0x0000000080000000,0x00000000a4a47620,0x00000000a4a80000)
 Metaspace       used 65196K, committed 66496K, reserved 1114112K
  class space    used 6940K, committed 7488K, reserved 1048576K
}
Event: 1863.193 GC heap before
{Heap before GC invocations=614 (full 3):
 PSYoungGen      total 4608K, used 4208K [0x00000000d5580000, 0x00000000d5f00000, 0x0000000100000000)
  eden space 2560K, 100% used [0x00000000d5580000,0x00000000d5800000,0x00000000d5800000)
  from space 2048K, 80% used [0x00000000d5d00000,0x00000000d5e9c000,0x00000000d5f00000)
  to   space 3072K, 0% used [0x00000000d5900000,0x00000000d5900000,0x00000000d5c00000)
 ParOldGen       total 600576K, used 600349K [0x0000000080000000, 0x00000000a4a80000, 0x00000000d5580000)
  object space 600576K, 99% used [0x0000000080000000,0x00000000a4a47620,0x00000000a4a80000)
 Metaspace       used 65246K, committed 66560K, reserved 1114112K
  class space    used 6940K, committed 7488K, reserved 1048576K
}
Event: 1863.197 GC heap after
{Heap after GC invocations=614 (full 3):
 PSYoungGen      total 5632K, used 1088K [0x00000000d5580000, 0x00000000d5d80000, 0x0000000100000000)
  eden space 2560K, 0% used [0x00000000d5580000,0x00000000d5580000,0x00000000d5800000)
  from space 3072K, 35% used [0x00000000d5900000,0x00000000d5a10000,0x00000000d5c00000)
  to   space 1536K, 0% used [0x00000000d5c00000,0x00000000d5c00000,0x00000000d5d80000)
 ParOldGen       total 602112K, used 601898K [0x0000000080000000, 0x00000000a4c00000, 0x00000000d5580000)
  object space 602112K, 99% used [0x0000000080000000,0x00000000a4bcab40,0x00000000a4c00000)
 Metaspace       used 65246K, committed 66560K, reserved 1114112K
  class space    used 6940K, committed 7488K, reserved 1048576K
}
Event: 1868.150 GC heap before
{Heap before GC invocations=615 (full 3):
 PSYoungGen      total 5632K, used 3648K [0x00000000d5580000, 0x00000000d5d80000, 0x0000000100000000)
  eden space 2560K, 100% used [0x00000000d5580000,0x00000000d5800000,0x00000000d5800000)
  from space 3072K, 35% used [0x00000000d5900000,0x00000000d5a10000,0x00000000d5c00000)
  to   space 1536K, 0% used [0x00000000d5c00000,0x00000000d5c00000,0x00000000d5d80000)
 ParOldGen       total 602112K, used 601898K [0x0000000080000000, 0x00000000a4c00000, 0x00000000d5580000)
  object space 602112K, 99% used [0x0000000080000000,0x00000000a4bcab40,0x00000000a4c00000)
 Metaspace       used 65276K, committed 66560K, reserved 1114112K
  class space    used 6941K, committed 7488K, reserved 1048576K
}
Event: 1868.153 GC heap after
{Heap after GC invocations=615 (full 3):
 PSYoungGen      total 4096K, used 1133K [0x00000000d5580000, 0x00000000d5d80000, 0x0000000100000000)
  eden space 2560K, 0% used [0x00000000d5580000,0x00000000d5580000,0x00000000d5800000)
  from space 1536K, 73% used [0x00000000d5c00000,0x00000000d5d1b510,0x00000000d5d80000)
  to   space 1536K, 0% used [0x00000000d5a80000,0x00000000d5a80000,0x00000000d5c00000)
 ParOldGen       total 603136K, used 602863K [0x0000000080000000, 0x00000000a4d00000, 0x00000000d5580000)
  object space 603136K, 99% used [0x0000000080000000,0x00000000a4cbbdc0,0x00000000a4d00000)
 Metaspace       used 65276K, committed 66560K, reserved 1114112K
  class space    used 6941K, committed 7488K, reserved 1048576K
}
Event: 1868.207 GC heap before
{Heap before GC invocations=616 (full 3):
 PSYoungGen      total 4096K, used 3693K [0x00000000d5580000, 0x00000000d5d80000, 0x0000000100000000)
  eden space 2560K, 100% used [0x00000000d5580000,0x00000000d5800000,0x00000000d5800000)
  from space 1536K, 73% used [0x00000000d5c00000,0x00000000d5d1b510,0x00000000d5d80000)
  to   space 1536K, 0% used [0x00000000d5a80000,0x00000000d5a80000,0x00000000d5c00000)
 ParOldGen       total 603136K, used 602863K [0x0000000080000000, 0x00000000a4d00000, 0x00000000d5580000)
  object space 603136K, 99% used [0x0000000080000000,0x00000000a4cbbdc0,0x00000000a4d00000)
 Metaspace       used 65276K, committed 66560K, reserved 1114112K
  class space    used 6941K, committed 7488K, reserved 1048576K
}
Event: 1868.210 GC heap after
{Heap after GC invocations=616 (full 3):
 PSYoungGen      total 4096K, used 1514K [0x00000000d5580000, 0x00000000d6000000, 0x0000000100000000)
  eden space 2560K, 0% used [0x00000000d5580000,0x00000000d5580000,0x00000000d5800000)
  from space 1536K, 98% used [0x00000000d5a80000,0x00000000d5bfa9d0,0x00000000d5c00000)
  to   space 4096K, 0% used [0x00000000d5c00000,0x00000000d5c00000,0x00000000d6000000)
 ParOldGen       total 604672K, used 604589K [0x0000000080000000, 0x00000000a4e80000, 0x00000000d5580000)
  object space 604672K, 99% used [0x0000000080000000,0x00000000a4e6b7b0,0x00000000a4e80000)
 Metaspace       used 65276K, committed 66560K, reserved 1114112K
  class space    used 6941K, committed 7488K, reserved 1048576K
}
Event: 1868.218 GC heap before
{Heap before GC invocations=617 (full 3):
 PSYoungGen      total 4096K, used 4074K [0x00000000d5580000, 0x00000000d6000000, 0x0000000100000000)
  eden space 2560K, 100% used [0x00000000d5580000,0x00000000d5800000,0x00000000d5800000)
  from space 1536K, 98% used [0x00000000d5a80000,0x00000000d5bfa9d0,0x00000000d5c00000)
  to   space 4096K, 0% used [0x00000000d5c00000,0x00000000d5c00000,0x00000000d6000000)
 ParOldGen       total 604672K, used 604589K [0x0000000080000000, 0x00000000a4e80000, 0x00000000d5580000)
  object space 604672K, 99% used [0x0000000080000000,0x00000000a4e6b7b0,0x00000000a4e80000)
 Metaspace       used 65276K, committed 66560K, reserved 1114112K
  class space    used 6941K, committed 7488K, reserved 1048576K
}
Event: 1868.223 GC heap after
{Heap after GC invocations=617 (full 3):
 PSYoungGen      total 5632K, used 2688K [0x00000000d5580000, 0x00000000d5f00000, 0x0000000100000000)
  eden space 2560K, 0% used [0x00000000d5580000,0x00000000d5580000,0x00000000d5800000)
  from space 3072K, 87% used [0x00000000d5c00000,0x00000000d5ea0000,0x00000000d5f00000)
  to   space 3072K, 0% used [0x00000000d5900000,0x00000000d5900000,0x00000000d5c00000)
 ParOldGen       total 606208K, used 606160K [0x0000000080000000, 0x00000000a5000000, 0x00000000d5580000)
  object space 606208K, 99% used [0x0000000080000000,0x00000000a4ff4190,0x00000000a5000000)
 Metaspace       used 65276K, committed 66560K, reserved 1114112K
  class space    used 6941K, committed 7488K, reserved 1048576K
}
Event: 1868.257 GC heap before
{Heap before GC invocations=618 (full 3):
 PSYoungGen      total 5632K, used 5248K [0x00000000d5580000, 0x00000000d5f00000, 0x0000000100000000)
  eden space 2560K, 100% used [0x00000000d5580000,0x00000000d5800000,0x00000000d5800000)
  from space 3072K, 87% used [0x00000000d5c00000,0x00000000d5ea0000,0x00000000d5f00000)
  to   space 3072K, 0% used [0x00000000d5900000,0x00000000d5900000,0x00000000d5c00000)
 ParOldGen       total 606208K, used 606160K [0x0000000080000000, 0x00000000a5000000, 0x00000000d5580000)
  object space 606208K, 99% used [0x0000000080000000,0x00000000a4ff4190,0x00000000a5000000)
 Metaspace       used 65276K, committed 66560K, reserved 1114112K
  class space    used 6941K, committed 7488K, reserved 1048576K
}
Event: 1868.262 GC heap after
{Heap after GC invocations=618 (full 3):
 PSYoungGen      total 5120K, used 2092K [0x00000000d5580000, 0x00000000d5d00000, 0x0000000100000000)
  eden space 2560K, 0% used [0x00000000d5580000,0x00000000d5580000,0x00000000d5800000)
  from space 2560K, 81% used [0x00000000d5900000,0x00000000d5b0b000,0x00000000d5b80000)
  to   space 1536K, 0% used [0x00000000d5b80000,0x00000000d5b80000,0x00000000d5d00000)
 ParOldGen       total 608768K, used 608744K [0x0000000080000000, 0x00000000a5280000, 0x00000000d5580000)
  object space 608768K, 99% used [0x0000000080000000,0x00000000a527a190,0x00000000a5280000)
 Metaspace       used 65276K, committed 66560K, reserved 1114112K
  class space    used 6941K, committed 7488K, reserved 1048576K
}
Event: 1868.291 GC heap before
{Heap before GC invocations=619 (full 3):
 PSYoungGen      total 5120K, used 4652K [0x00000000d5580000, 0x00000000d5d00000, 0x0000000100000000)
  eden space 2560K, 100% used [0x00000000d5580000,0x00000000d5800000,0x00000000d5800000)
  from space 2560K, 81% used [0x00000000d5900000,0x00000000d5b0b000,0x00000000d5b80000)
  to   space 1536K, 0% used [0x00000000d5b80000,0x00000000d5b80000,0x00000000d5d00000)
 ParOldGen       total 608768K, used 608744K [0x0000000080000000, 0x00000000a5280000, 0x00000000d5580000)
  object space 608768K, 99% used [0x0000000080000000,0x00000000a527a190,0x00000000a5280000)
 Metaspace       used 65280K, committed 66560K, reserved 1114112K
  class space    used 6941K, committed 7488K, reserved 1048576K
}
Event: 1868.296 GC heap after
{Heap after GC invocations=619 (full 3):
 PSYoungGen      total 3072K, used 1510K [0x00000000d5580000, 0x00000000d6100000, 0x0000000100000000)
  eden space 1536K, 0% used [0x00000000d5580000,0x00000000d5580000,0x00000000d5700000)
  from space 1536K, 98% used [0x00000000d5b80000,0x00000000d5cf9a80,0x00000000d5d00000)
  to   space 4608K, 0% used [0x00000000d5700000,0x00000000d5700000,0x00000000d5b80000)
 ParOldGen       total 611328K, used 611204K [0x0000000080000000, 0x00000000a5500000, 0x00000000d5580000)
  object space 611328K, 99% used [0x0000000080000000,0x00000000a54e1190,0x00000000a5500000)
 Metaspace       used 65280K, committed 66560K, reserved 1114112K
  class space    used 6941K, committed 7488K, reserved 1048576K
}
Event: 1868.304 GC heap before
{Heap before GC invocations=620 (full 3):
 PSYoungGen      total 3072K, used 3046K [0x00000000d5580000, 0x00000000d6100000, 0x0000000100000000)
  eden space 1536K, 100% used [0x00000000d5580000,0x00000000d5700000,0x00000000d5700000)
  from space 1536K, 98% used [0x00000000d5b80000,0x00000000d5cf9a80,0x00000000d5d00000)
  to   space 4608K, 0% used [0x00000000d5700000,0x00000000d5700000,0x00000000d5b80000)
 ParOldGen       total 611328K, used 611204K [0x0000000080000000, 0x00000000a5500000, 0x00000000d5580000)
  object space 611328K, 99% used [0x0000000080000000,0x00000000a54e1190,0x00000000a5500000)
 Metaspace       used 65281K, committed 66560K, reserved 1114112K
  class space    used 6941K, committed 7488K, reserved 1048576K
}
Event: 1868.308 GC heap after
{Heap after GC invocations=620 (full 3):
 PSYoungGen      total 3584K, used 1568K [0x00000000d5580000, 0x00000000d5c00000, 0x0000000100000000)
  eden space 1536K, 0% used [0x00000000d5580000,0x00000000d5580000,0x00000000d5700000)
  from space 2048K, 76% used [0x00000000d5700000,0x00000000d5888000,0x00000000d5900000)
  to   space 2560K, 0% used [0x00000000d5980000,0x00000000d5980000,0x00000000d5c00000)
 ParOldGen       total 612864K, used 612763K [0x0000000080000000, 0x00000000a5680000, 0x00000000d5580000)
  object space 612864K, 99% used [0x0000000080000000,0x00000000a5666c20,0x00000000a5680000)
 Metaspace       used 65281K, committed 66560K, reserved 1114112K
  class space    used 6941K, committed 7488K, reserved 1048576K
}
Event: 1868.332 GC heap before
{Heap before GC invocations=621 (full 3):
 PSYoungGen      total 3584K, used 3103K [0x00000000d5580000, 0x00000000d5c00000, 0x0000000100000000)
  eden space 1536K, 99% used [0x00000000d5580000,0x00000000d56fffd0,0x00000000d5700000)
  from space 2048K, 76% used [0x00000000d5700000,0x00000000d5888000,0x00000000d5900000)
  to   space 2560K, 0% used [0x00000000d5980000,0x00000000d5980000,0x00000000d5c00000)
 ParOldGen       total 612864K, used 612763K [0x0000000080000000, 0x00000000a5680000, 0x00000000d5580000)
  object space 612864K, 99% used [0x0000000080000000,0x00000000a5666c20,0x00000000a5680000)
 Metaspace       used 65282K, committed 66560K, reserved 1114112K
  class space    used 6941K, committed 7488K, reserved 1048576K
}
Event: 1868.335 GC heap after
{Heap after GC invocations=621 (full 3):
 PSYoungGen      total 3072K, used 1072K [0x00000000d5580000, 0x00000000d5b00000, 0x0000000100000000)
  eden space 1536K, 0% used [0x00000000d5580000,0x00000000d5580000,0x00000000d5700000)
  from space 1536K, 69% used [0x00000000d5980000,0x00000000d5a8c000,0x00000000d5b00000)
  to   space 1536K, 0% used [0x00000000d5800000,0x00000000d5800000,0x00000000d5980000)
 ParOldGen       total 614400K, used 614211K [0x0000000080000000, 0x00000000a5800000, 0x00000000d5580000)
  object space 614400K, 99% used [0x0000000080000000,0x00000000a57d0c20,0x00000000a5800000)
 Metaspace       used 65282K, committed 66560K, reserved 1114112K
  class space    used 6941K, committed 7488K, reserved 1048576K
}

Dll operation events (14 events):
Event: 0.022 Loaded shared library c:\Users\Mathis\.antigravity\extensions\redhat.java-1.52.0-win32-x64\jre\21.0.9-win32-x86_64\bin\java.dll
Event: 0.174 Loaded shared library c:\Users\Mathis\.antigravity\extensions\redhat.java-1.52.0-win32-x64\jre\21.0.9-win32-x86_64\bin\zip.dll
Event: 0.206 Loaded shared library C:\Users\Mathis\.antigravity\extensions\redhat.java-1.52.0-win32-x64\jre\21.0.9-win32-x86_64\bin\instrument.dll
Event: 0.214 Loaded shared library C:\Users\Mathis\.antigravity\extensions\redhat.java-1.52.0-win32-x64\jre\21.0.9-win32-x86_64\bin\net.dll
Event: 0.223 Loaded shared library C:\Users\Mathis\.antigravity\extensions\redhat.java-1.52.0-win32-x64\jre\21.0.9-win32-x86_64\bin\nio.dll
Event: 0.228 Loaded shared library C:\Users\Mathis\.antigravity\extensions\redhat.java-1.52.0-win32-x64\jre\21.0.9-win32-x86_64\bin\zip.dll
Event: 0.266 Loaded shared library C:\Users\Mathis\.antigravity\extensions\redhat.java-1.52.0-win32-x64\jre\21.0.9-win32-x86_64\bin\jimage.dll
Event: 0.409 Loaded shared library c:\Users\Mathis\.antigravity\extensions\redhat.java-1.52.0-win32-x64\jre\21.0.9-win32-x86_64\bin\verify.dll
Event: 16.926 Loaded shared library C:\Users\Mathis\AppData\Roaming\Antigravity\User\globalStorage\redhat.java\1.52.0\config_win\org.eclipse.equinox.launcher\org.eclipse.equinox.launcher.win32.win32.x86_64_1.2.1500.v20260121-1430\eclipse_11919.dll
Event: 36.469 Loaded shared library C:\Users\Mathis\.antigravity\extensions\redhat.java-1.52.0-win32-x64\jre\21.0.9-win32-x86_64\bin\management.dll
Event: 36.473 Loaded shared library C:\Users\Mathis\.antigravity\extensions\redhat.java-1.52.0-win32-x64\jre\21.0.9-win32-x86_64\bin\management_ext.dll
Event: 38.007 Loaded shared library C:\Users\Mathis\AppData\Local\Temp\jna--1997382062\jna12159721771003165028.dll
Event: 38.602 Loaded shared library C:\Users\Mathis\.antigravity\extensions\redhat.java-1.52.0-win32-x64\jre\21.0.9-win32-x86_64\bin\sunmscapi.dll
Event: 38.712 Loaded shared library C:\Users\Mathis\.antigravity\extensions\redhat.java-1.52.0-win32-x64\jre\21.0.9-win32-x86_64\bin\extnet.dll

Deoptimization events (20 events):
Event: 1840.672 Thread 0x00000214e9f147e0 DEOPT PACKING pc=0x00000214dc082e88 sp=0x000000803f0feee0
Event: 1840.672 Thread 0x00000214e9f147e0 DEOPT UNPACKING pc=0x00000214db283aa2 sp=0x000000803f0fee80 mode 2
Event: 1840.685 Thread 0x00000214e9f147e0 Uncommon trap: trap_request=0xffffffde fr.pc=0x00000214dc082e88 relative=0x0000000000000f68
Event: 1840.685 Thread 0x00000214e9f147e0 Uncommon trap: reason=class_check action=maybe_recompile pc=0x00000214dc082e88 method=org.eclipse.jdt.internal.compiler.parser.Parser.consumeToken(Lorg/eclipse/jdt/internal/compiler/parser/TerminalToken;)V @ 595 c2
Event: 1840.685 Thread 0x00000214e9f147e0 DEOPT PACKING pc=0x00000214dc082e88 sp=0x000000803f0ff080
Event: 1840.685 Thread 0x00000214e9f147e0 DEOPT UNPACKING pc=0x00000214db283aa2 sp=0x000000803f0ff020 mode 2
Event: 1863.010 Thread 0x00000214f1b71db0 DEOPT PACKING pc=0x00000214d5158bf2 sp=0x000000803cbfd3d0
Event: 1863.010 Thread 0x00000214f1b71db0 DEOPT UNPACKING pc=0x00000214db284242 sp=0x000000803cbfc948 mode 0
Event: 1863.020 Thread 0x00000214e9b61e40 Uncommon trap: trap_request=0xffffffde fr.pc=0x00000214dc082e88 relative=0x0000000000000f68
Event: 1863.020 Thread 0x00000214e9b61e40 Uncommon trap: reason=class_check action=maybe_recompile pc=0x00000214dc082e88 method=org.eclipse.jdt.internal.compiler.parser.Parser.consumeToken(Lorg/eclipse/jdt/internal/compiler/parser/TerminalToken;)V @ 595 c2
Event: 1863.020 Thread 0x00000214e9b61e40 DEOPT PACKING pc=0x00000214dc082e88 sp=0x000000803f5fea30
Event: 1863.021 Thread 0x00000214e9b61e40 DEOPT UNPACKING pc=0x00000214db283aa2 sp=0x000000803f5fe9d0 mode 2
Event: 1863.111 Thread 0x00000214f1b71db0 DEOPT PACKING pc=0x00000214d49fe84d sp=0x000000803cbfdf90
Event: 1863.111 Thread 0x00000214f1b71db0 DEOPT UNPACKING pc=0x00000214db284242 sp=0x000000803cbfd408 mode 0
Event: 1863.207 Thread 0x00000214e9f147e0 DEOPT PACKING pc=0x00000214d5158bf2 sp=0x000000803f0fe0d0
Event: 1863.207 Thread 0x00000214e9f147e0 DEOPT UNPACKING pc=0x00000214db284242 sp=0x000000803f0fd648 mode 0
Event: 1868.090 Thread 0x00000214f1b6f650 Uncommon trap: trap_request=0xffffff45 fr.pc=0x00000214dc09f614 relative=0x0000000000000a94
Event: 1868.090 Thread 0x00000214f1b6f650 Uncommon trap: reason=unstable_if action=reinterpret pc=0x00000214dc09f614 method=org.eclipse.jdt.internal.compiler.parser.Parser.consumeToken(Lorg/eclipse/jdt/internal/compiler/parser/TerminalToken;)V @ 1478 c2
Event: 1868.090 Thread 0x00000214f1b6f650 DEOPT PACKING pc=0x00000214dc09f614 sp=0x00000080408fe360
Event: 1868.090 Thread 0x00000214f1b6f650 DEOPT UNPACKING pc=0x00000214db283aa2 sp=0x00000080408fe308 mode 2

Classes loaded (20 events):
Event: 1701.385 Loading class java/util/stream/ReduceOps$4ReducingSink
Event: 1701.386 Loading class java/util/stream/ReduceOps$4ReducingSink done
Event: 1701.388 Loading class java/nio/file/Files$2
Event: 1701.388 Loading class java/nio/file/Files$2 done
Event: 1701.551 Loading class java/util/concurrent/ArrayBlockingQueue
Event: 1701.553 Loading class java/util/concurrent/ArrayBlockingQueue done
Event: 1701.652 Loading class java/util/Hashtable$ValueCollection
Event: 1701.653 Loading class java/util/Hashtable$ValueCollection done
Event: 1711.280 Loading class java/nio/channels/CompletionHandler
Event: 1711.282 Loading class java/nio/channels/CompletionHandler done
Event: 1838.508 Loading class java/util/stream/ReferencePipeline$4
Event: 1838.534 Loading class java/util/stream/ReferencePipeline$4 done
Event: 1838.540 Loading class java/util/stream/Nodes$IntFixedNodeBuilder
Event: 1838.550 Loading class java/util/stream/Node$Builder$OfInt
Event: 1838.558 Loading class java/util/stream/Node$Builder$OfInt done
Event: 1838.559 Loading class java/util/stream/Nodes$IntArrayNode
Event: 1838.564 Loading class java/util/stream/Nodes$IntArrayNode done
Event: 1838.565 Loading class java/util/stream/Nodes$IntFixedNodeBuilder done
Event: 1838.565 Loading class java/util/stream/ReferencePipeline$4$1
Event: 1838.566 Loading class java/util/stream/ReferencePipeline$4$1 done

Classes unloaded (7 events):
Event: 37.198 Thread 0x00000214d0a94930 Unloading class 0x00000214811a8c00 'java/lang/invoke/LambdaForm$MH+0x00000214811a8c00'
Event: 37.198 Thread 0x00000214d0a94930 Unloading class 0x00000214811a8800 'java/lang/invoke/LambdaForm$MH+0x00000214811a8800'
Event: 37.198 Thread 0x00000214d0a94930 Unloading class 0x00000214811a8400 'java/lang/invoke/LambdaForm$MH+0x00000214811a8400'
Event: 37.198 Thread 0x00000214d0a94930 Unloading class 0x00000214811a8000 'java/lang/invoke/LambdaForm$MH+0x00000214811a8000'
Event: 37.198 Thread 0x00000214d0a94930 Unloading class 0x00000214811a7c00 'java/lang/invoke/LambdaForm$BMH+0x00000214811a7c00'
Event: 37.198 Thread 0x00000214d0a94930 Unloading class 0x00000214811a7800 'java/lang/invoke/LambdaForm$DMH+0x00000214811a7800'
Event: 37.198 Thread 0x00000214d0a94930 Unloading class 0x00000214811a6400 'java/lang/invoke/LambdaForm$DMH+0x00000214811a6400'

Classes redefined (0 events):
No events

Internal exceptions (20 events):
Event: 1795.377 Thread 0x00000214e9f147e0 Exception <a 'sun/nio/fs/WindowsException'{0x00000000d5706ea0}> (0x00000000d5706ea0) 
thrown [s\src\hotspot\share\prims\jni.cpp, line 520]
Event: 1795.841 Thread 0x00000214e9f147e0 Exception <a 'sun/nio/fs/WindowsException'{0x00000000d5645a70}> (0x00000000d5645a70) 
thrown [s\src\hotspot\share\prims\jni.cpp, line 520]
Event: 1807.450 Thread 0x00000214f1b6f650 Exception <a 'sun/nio/fs/WindowsException'{0x00000000d5582948}> (0x00000000d5582948) 
thrown [s\src\hotspot\share\prims\jni.cpp, line 520]
Event: 1807.486 Thread 0x00000214e9f147e0 Exception <a 'sun/nio/fs/WindowsException'{0x00000000d55cbd40}> (0x00000000d55cbd40) 
thrown [s\src\hotspot\share\prims\jni.cpp, line 520]
Event: 1807.807 Thread 0x00000214e9f147e0 Exception <a 'sun/nio/fs/WindowsException'{0x00000000d56b13c0}> (0x00000000d56b13c0) 
thrown [s\src\hotspot\share\prims\jni.cpp, line 520]
Event: 1807.884 Thread 0x00000214e9b61e40 Exception <a 'java/lang/NoSuchMethodError'{0x00000000d5613578}: 'void java.lang.invoke.DirectMethodHandle$Holder.invokeVirtual(java.lang.Object, java.lang.Object, java.lang.Object, java.lang.Object, java.lang.Object)'> (0x00000000d5613578) 
thrown [s\src\hotspot\share\interpreter\linkResolver.cpp, line 773]
Event: 1826.201 Thread 0x00000214f1b6f650 Exception <a 'sun/nio/fs/WindowsException'{0x00000000d569e278}> (0x00000000d569e278) 
thrown [s\src\hotspot\share\prims\jni.cpp, line 520]
Event: 1826.247 Thread 0x00000214e9f147e0 Exception <a 'sun/nio/fs/WindowsException'{0x00000000d56e9470}> (0x00000000d56e9470) 
thrown [s\src\hotspot\share\prims\jni.cpp, line 520]
Event: 1826.470 Thread 0x00000214e9f147e0 Exception <a 'sun/nio/fs/WindowsException'{0x00000000d560fa30}> (0x00000000d560fa30) 
thrown [s\src\hotspot\share\prims\jni.cpp, line 520]
Event: 1826.493 Thread 0x00000214e9b61e40 Implicit null exception at 0x00000214dbd41acf to 0x00000214dbd41c38
Event: 1838.685 Thread 0x00000214f1b6f650 Exception <a 'sun/nio/fs/WindowsException'{0x00000000d57730a8}> (0x00000000d57730a8) 
thrown [s\src\hotspot\share\prims\jni.cpp, line 520]
Event: 1838.835 Thread 0x00000214e9f147e0 Exception <a 'sun/nio/fs/WindowsException'{0x00000000d55c92d0}> (0x00000000d55c92d0) 
thrown [s\src\hotspot\share\prims\jni.cpp, line 520]
Event: 1838.965 Thread 0x00000214e9b61e40 Exception <a 'java/lang/NoSuchMethodError'{0x00000000d55cf3f8}: 'java.lang.Object java.lang.invoke.DirectMethodHandle$Holder.invokeStatic(java.lang.Object, java.lang.Object, int, java.lang.Object, java.lang.Object)'> (0x00000000d55cf3f8) 
thrown [s\src\hotspot\share\interpreter\linkResolver.cpp, line 773]
Event: 1839.546 Thread 0x00000214e9f147e0 Exception <a 'sun/nio/fs/WindowsException'{0x00000000d560ba30}> (0x00000000d560ba30) 
thrown [s\src\hotspot\share\prims\jni.cpp, line 520]
Event: 1862.875 Thread 0x00000214f1b6f650 Exception <a 'sun/nio/fs/WindowsException'{0x00000000d5707e00}> (0x00000000d5707e00) 
thrown [s\src\hotspot\share\prims\jni.cpp, line 520]
Event: 1862.912 Thread 0x00000214e9f147e0 Exception <a 'sun/nio/fs/WindowsException'{0x00000000d5756d10}> (0x00000000d5756d10) 
thrown [s\src\hotspot\share\prims\jni.cpp, line 520]
Event: 1863.083 Thread 0x00000214e9f147e0 Exception <a 'sun/nio/fs/WindowsException'{0x00000000d5733c98}> (0x00000000d5733c98) 
thrown [s\src\hotspot\share\prims\jni.cpp, line 520]
Event: 1868.141 Thread 0x00000214f1b6f650 Exception <a 'sun/nio/fs/WindowsException'{0x00000000d57c0e48}> (0x00000000d57c0e48) 
thrown [s\src\hotspot\share\prims\jni.cpp, line 520]
Event: 1868.178 Thread 0x00000214e9f147e0 Exception <a 'sun/nio/fs/WindowsException'{0x00000000d55982a8}> (0x00000000d55982a8) 
thrown [s\src\hotspot\share\prims\jni.cpp, line 520]
Event: 1868.373 Thread 0x00000214e9f147e0 Exception <a 'sun/nio/fs/WindowsException'{0x00000000d5581d58}> (0x00000000d5581d58) 
thrown [s\src\hotspot\share\prims\jni.cpp, line 520]

ZGC Phase Switch (0 events):
No events

VM Operations (20 events):
Event: 3188.791 Executing VM operation: HandshakeAllThreads (HandshakeForDeflation)
Event: 3188.792 Executing VM operation: HandshakeAllThreads (HandshakeForDeflation) done
Event: 3188.792 Executing VM operation: RendezvousGCThreads
Event: 3188.792 Executing VM operation: RendezvousGCThreads done
Event: 3429.494 Executing VM operation: HandshakeAllThreads (HandshakeForDeflation)
Event: 3429.496 Executing VM operation: HandshakeAllThreads (HandshakeForDeflation) done
Event: 3429.496 Executing VM operation: RendezvousGCThreads
Event: 3429.496 Executing VM operation: RendezvousGCThreads done
Event: 3549.950 Executing VM operation: HandshakeAllThreads (HandshakeForDeflation)
Event: 3549.951 Executing VM operation: HandshakeAllThreads (HandshakeForDeflation) done
Event: 3549.951 Executing VM operation: RendezvousGCThreads
Event: 3549.951 Executing VM operation: RendezvousGCThreads done
Event: 3790.690 Executing VM operation: HandshakeAllThreads (HandshakeForDeflation)
Event: 3790.702 Executing VM operation: HandshakeAllThreads (HandshakeForDeflation) done
Event: 3790.703 Executing VM operation: RendezvousGCThreads
Event: 3790.704 Executing VM operation: RendezvousGCThreads done
Event: 3850.927 Executing VM operation: HandshakeAllThreads (HandshakeForDeflation)
Event: 3850.929 Executing VM operation: HandshakeAllThreads (HandshakeForDeflation) done
Event: 3850.929 Executing VM operation: RendezvousGCThreads
Event: 3850.929 Executing VM operation: RendezvousGCThreads done

Memory protections (0 events):
No events

Nmethod flushes (20 events):
Event: 1697.453 Thread 0x00000214d0a94930 flushing  nmethod 0x00000214d451a410
Event: 1697.453 Thread 0x00000214d0a94930 flushing  nmethod 0x00000214d4520190
Event: 1697.453 Thread 0x00000214d0a94930 flushing  nmethod 0x00000214d454eb90
Event: 1697.453 Thread 0x00000214d0a94930 flushing  nmethod 0x00000214d454f290
Event: 1697.453 Thread 0x00000214d0a94930 flushing  nmethod 0x00000214d4553690
Event: 1697.453 Thread 0x00000214d0a94930 flushing  nmethod 0x00000214d4554b90
Event: 1697.453 Thread 0x00000214d0a94930 flushing  nmethod 0x00000214d4555010
Event: 1697.453 Thread 0x00000214d0a94930 flushing  nmethod 0x00000214d4556a10
Event: 1697.453 Thread 0x00000214d0a94930 flushing  nmethod 0x00000214d4566710
Event: 1697.453 Thread 0x00000214d0a94930 flushing  nmethod 0x00000214d456a990
Event: 1697.453 Thread 0x00000214d0a94930 flushing  nmethod 0x00000214d4577390
Event: 1697.453 Thread 0x00000214d0a94930 flushing  nmethod 0x00000214d4588210
Event: 1697.453 Thread 0x00000214d0a94930 flushing  nmethod 0x00000214d459b890
Event: 1697.453 Thread 0x00000214d0a94930 flushing  nmethod 0x00000214d45acb10
Event: 1697.453 Thread 0x00000214d0a94930 flushing  nmethod 0x00000214d45af810
Event: 1697.453 Thread 0x00000214d0a94930 flushing  nmethod 0x00000214d4608490
Event: 1697.453 Thread 0x00000214d0a94930 flushing  nmethod 0x00000214d4610a90
Event: 1697.453 Thread 0x00000214d0a94930 flushing  nmethod 0x00000214d4610e90
Event: 1697.453 Thread 0x00000214d0a94930 flushing  nmethod 0x00000214d4611290
Event: 1697.453 Thread 0x00000214d0a94930 flushing  nmethod 0x00000214d4615f90

Events (20 events):
Event: 1928.265 Thread 0x00000214f1b72440 Thread exited: 0x00000214f1b72440
Event: 1928.329 Thread 0x00000214e9b61e40 Thread exited: 0x00000214e9b61e40
Event: 1928.377 Thread 0x00000214f1b71db0 Thread exited: 0x00000214f1b71db0
Event: 1928.395 Thread 0x00000214e9b62b60 Thread exited: 0x00000214e9b62b60
Event: 1987.940 Thread 0x00000214e9b63f10 Thread exited: 0x00000214e9b63f10
Event: 1990.307 Thread 0x00000214e9f1b0e0 Thread added: 0x00000214e9b63f10
Event: 1990.316 Thread 0x00000214e9b63f10 Thread exited: 0x00000214e9b63f10
Event: 1990.335 Thread 0x00000214e9f1b0e0 Thread added: 0x00000214e9b62b60
Event: 1990.337 Thread 0x00000214e9b62b60 Thread exited: 0x00000214e9b62b60
Event: 2047.943 Thread 0x00000214e9b60a90 Thread exited: 0x00000214e9b60a90
Event: 2071.160 Thread 0x00000214e9f16f40 Thread exited: 0x00000214e9f16f40
Event: 2076.366 Thread 0x00000214e9f196a0 Thread exited: 0x00000214e9f196a0
Event: 2080.870 Thread 0x00000214e9b652c0 Thread exited: 0x00000214e9b652c0
Event: 2087.942 Thread 0x00000214e9b65950 Thread exited: 0x00000214e9b65950
Event: 2095.482 Thread 0x00000214e9b624d0 Thread exited: 0x00000214e9b624d0
Event: 2107.582 Thread 0x00000214e9b680b0 Thread exited: 0x00000214e9b680b0
Event: 2126.339 Thread 0x00000214e9b66d00 Thread exited: 0x00000214e9b66d00
Event: 2138.837 Thread 0x00000214e9b67390 Thread exited: 0x00000214e9b67390
Event: 2163.003 Thread 0x00000214e9b65fe0 Thread exited: 0x00000214e9b65fe0
Event: 2168.285 Thread 0x00000214e9b66670 Thread exited: 0x00000214e9b66670


Dynamic libraries:
0x00007ff7512f0000 - 0x00007ff7512fe000 	c:\Users\Mathis\.antigravity\extensions\redhat.java-1.52.0-win32-x64\jre\21.0.9-win32-x86_64\bin\java.exe
0x00007ffe51fc0000 - 0x00007ffe52227000 	C:\WINDOWS\SYSTEM32\ntdll.dll
0x00007ffe508d0000 - 0x00007ffe50999000 	C:\WINDOWS\System32\KERNEL32.DLL
0x00007ffe4eb90000 - 0x00007ffe4ef81000 	C:\WINDOWS\System32\KERNELBASE.dll
0x00007ffe4f100000 - 0x00007ffe4f24b000 	C:\WINDOWS\System32\ucrtbase.dll
0x00007ffdf0800000 - 0x00007ffdf0818000 	c:\Users\Mathis\.antigravity\extensions\redhat.java-1.52.0-win32-x64\jre\21.0.9-win32-x86_64\bin\jli.dll
0x00007ffe50de0000 - 0x00007ffe50fa5000 	C:\WINDOWS\System32\USER32.dll
0x00007ffe4f0d0000 - 0x00007ffe4f0f7000 	C:\WINDOWS\System32\win32u.dll
0x00007ffe50aa0000 - 0x00007ffe50acb000 	C:\WINDOWS\System32\GDI32.dll
0x00007ffe4f250000 - 0x00007ffe4f37b000 	C:\WINDOWS\System32\gdi32full.dll
0x00007ffe4eae0000 - 0x00007ffe4eb83000 	C:\WINDOWS\System32\msvcp_win.dll
0x00007ffe14130000 - 0x00007ffe1414e000 	c:\Users\Mathis\.antigravity\extensions\redhat.java-1.52.0-win32-x64\jre\21.0.9-win32-x86_64\bin\VCRUNTIME140.dll
0x00007ffe33000000 - 0x00007ffe33293000 	C:\WINDOWS\WinSxS\amd64_microsoft.windows.common-controls_6595b64144ccf1df_6.0.26100.8037_none_3e092faae333b53b\COMCTL32.dll
0x00007ffe51ed0000 - 0x00007ffe51f79000 	C:\WINDOWS\System32\msvcrt.dll
0x00007ffe50560000 - 0x00007ffe50591000 	C:\WINDOWS\System32\IMM32.DLL
0x00007ffe3b560000 - 0x00007ffe3b56c000 	c:\Users\Mathis\.antigravity\extensions\redhat.java-1.52.0-win32-x64\jre\21.0.9-win32-x86_64\bin\vcruntime140_1.dll
0x00007ffd693e0000 - 0x00007ffd6946d000 	c:\Users\Mathis\.antigravity\extensions\redhat.java-1.52.0-win32-x64\jre\21.0.9-win32-x86_64\bin\msvcp140.dll
0x00007ffd14030000 - 0x00007ffd14dd0000 	c:\Users\Mathis\.antigravity\extensions\redhat.java-1.52.0-win32-x64\jre\21.0.9-win32-x86_64\bin\server\jvm.dll
0x00007ffe507d0000 - 0x00007ffe5088b000 	C:\WINDOWS\System32\ADVAPI32.dll
0x00007ffe51e20000 - 0x00007ffe51ec7000 	C:\WINDOWS\System32\sechost.dll
0x00007ffe50cb0000 - 0x00007ffe50dc8000 	C:\WINDOWS\System32\RPCRT4.dll
0x00007ffe50750000 - 0x00007ffe507c4000 	C:\WINDOWS\System32\WS2_32.dll
0x00007ffe44370000 - 0x00007ffe443a5000 	C:\WINDOWS\SYSTEM32\WINMM.dll
0x00007ffe3c310000 - 0x00007ffe3c31b000 	C:\WINDOWS\SYSTEM32\VERSION.dll
0x00007ffe4e720000 - 0x00007ffe4e77e000 	C:\WINDOWS\SYSTEM32\POWRPROF.dll
0x00007ffe4e700000 - 0x00007ffe4e714000 	C:\WINDOWS\SYSTEM32\UMPDC.dll
0x00007ffe4d5c0000 - 0x00007ffe4d5db000 	C:\WINDOWS\SYSTEM32\kernel.appcore.dll
0x00007ffe33cb0000 - 0x00007ffe33cba000 	c:\Users\Mathis\.antigravity\extensions\redhat.java-1.52.0-win32-x64\jre\21.0.9-win32-x86_64\bin\jimage.dll
0x00007ffe4c990000 - 0x00007ffe4cbd2000 	C:\WINDOWS\SYSTEM32\DBGHELP.DLL
0x00007ffe513a0000 - 0x00007ffe51722000 	C:\WINDOWS\System32\combase.dll
0x00007ffe50ad0000 - 0x00007ffe50ba7000 	C:\WINDOWS\System32\OLEAUT32.dll
0x00007ffe35060000 - 0x00007ffe3509b000 	C:\WINDOWS\SYSTEM32\dbgcore.DLL
0x00007ffe4f020000 - 0x00007ffe4f0c5000 	C:\WINDOWS\System32\bcryptPrimitives.dll
0x00007ffe23870000 - 0x00007ffe2387f000 	c:\Users\Mathis\.antigravity\extensions\redhat.java-1.52.0-win32-x64\jre\21.0.9-win32-x86_64\bin\instrument.dll
0x00007ffdf0050000 - 0x00007ffdf0070000 	c:\Users\Mathis\.antigravity\extensions\redhat.java-1.52.0-win32-x64\jre\21.0.9-win32-x86_64\bin\java.dll
0x00007ffe4fd60000 - 0x00007ffe504bf000 	C:\WINDOWS\System32\SHELL32.dll
0x00007ffe4f380000 - 0x00007ffe4f4ea000 	C:\WINDOWS\System32\wintypes.dll
0x00007ffe4f4f0000 - 0x00007ffe4fd54000 	C:\WINDOWS\System32\windows.storage.dll
0x00007ffe509a0000 - 0x00007ffe50a97000 	C:\WINDOWS\System32\SHCORE.dll
0x00007ffe51190000 - 0x00007ffe511f7000 	C:\WINDOWS\System32\shlwapi.dll
0x00007ffe4e7c0000 - 0x00007ffe4e7e9000 	C:\WINDOWS\SYSTEM32\profapi.dll
0x00007ffdf07e0000 - 0x00007ffdf07f8000 	c:\Users\Mathis\.antigravity\extensions\redhat.java-1.52.0-win32-x64\jre\21.0.9-win32-x86_64\bin\zip.dll
0x00007ffe23560000 - 0x00007ffe23570000 	C:\Users\Mathis\.antigravity\extensions\redhat.java-1.52.0-win32-x64\jre\21.0.9-win32-x86_64\bin\net.dll
0x00007ffe47ab0000 - 0x00007ffe47bd7000 	C:\WINDOWS\SYSTEM32\WINHTTP.dll
0x00007ffe4db10000 - 0x00007ffe4db7b000 	C:\WINDOWS\system32\mswsock.dll
0x00007ffdea5a0000 - 0x00007ffdea5b6000 	C:\Users\Mathis\.antigravity\extensions\redhat.java-1.52.0-win32-x64\jre\21.0.9-win32-x86_64\bin\nio.dll
0x00007ffe23390000 - 0x00007ffe233a0000 	c:\Users\Mathis\.antigravity\extensions\redhat.java-1.52.0-win32-x64\jre\21.0.9-win32-x86_64\bin\verify.dll
0x00007ffdd7a80000 - 0x00007ffdd7ac5000 	C:\Users\Mathis\AppData\Roaming\Antigravity\User\globalStorage\redhat.java\1.52.0\config_win\org.eclipse.equinox.launcher\org.eclipse.equinox.launcher.win32.win32.x86_64_1.2.1500.v20260121-1430\eclipse_11919.dll
0x00007ffe51200000 - 0x00007ffe51395000 	C:\WINDOWS\System32\ole32.dll
0x00007ffe16c50000 - 0x00007ffe16c5a000 	C:\Users\Mathis\.antigravity\extensions\redhat.java-1.52.0-win32-x64\jre\21.0.9-win32-x86_64\bin\management.dll
0x00007ffe15090000 - 0x00007ffe1509c000 	C:\Users\Mathis\.antigravity\extensions\redhat.java-1.52.0-win32-x64\jre\21.0.9-win32-x86_64\bin\management_ext.dll
0x00007ffe50fb0000 - 0x00007ffe50fb8000 	C:\WINDOWS\System32\PSAPI.DLL
0x00007ffe4df10000 - 0x00007ffe4df2b000 	C:\WINDOWS\SYSTEM32\CRYPTSP.dll
0x00007ffe4d520000 - 0x00007ffe4d559000 	C:\WINDOWS\system32\rsaenh.dll
0x00007ffe4dbc0000 - 0x00007ffe4dbf2000 	C:\WINDOWS\SYSTEM32\USERENV.dll
0x00007ffe4e790000 - 0x00007ffe4e7ba000 	C:\WINDOWS\SYSTEM32\bcrypt.dll
0x00007ffe4def0000 - 0x00007ffe4defc000 	C:\WINDOWS\SYSTEM32\CRYPTBASE.dll
0x00007ffe4cfb0000 - 0x00007ffe4cfe3000 	C:\WINDOWS\SYSTEM32\IPHLPAPI.DLL
0x00007ffe51180000 - 0x00007ffe5118a000 	C:\WINDOWS\System32\NSI.dll
0x00007ffdaabf0000 - 0x00007ffdaac39000 	C:\Users\Mathis\AppData\Local\Temp\jna--1997382062\jna12159721771003165028.dll
0x00007ffe47f40000 - 0x00007ffe47f5d000 	C:\WINDOWS\SYSTEM32\dhcpcsvc6.DLL
0x00007ffe47f10000 - 0x00007ffe47f33000 	C:\WINDOWS\SYSTEM32\dhcpcsvc.DLL
0x00007ffe14bb0000 - 0x00007ffe14bbe000 	C:\Users\Mathis\.antigravity\extensions\redhat.java-1.52.0-win32-x64\jre\21.0.9-win32-x86_64\bin\sunmscapi.dll
0x00007ffe4e8a0000 - 0x00007ffe4ea17000 	C:\WINDOWS\System32\CRYPT32.dll
0x00007ffe4e0a0000 - 0x00007ffe4e0d0000 	C:\WINDOWS\SYSTEM32\ncrypt.dll
0x00007ffe4e050000 - 0x00007ffe4e08f000 	C:\WINDOWS\SYSTEM32\NTASN1.dll
0x00007ffe4d040000 - 0x00007ffe4d16a000 	C:\WINDOWS\SYSTEM32\DNSAPI.dll
0x00007ffe46850000 - 0x00007ffe4685b000 	C:\Windows\System32\rasadhlp.dll
0x00007ffe48420000 - 0x00007ffe484a6000 	C:\WINDOWS\System32\fwpuclnt.dll
0x00007ffe149b0000 - 0x00007ffe149b9000 	C:\Users\Mathis\.antigravity\extensions\redhat.java-1.52.0-win32-x64\jre\21.0.9-win32-x86_64\bin\extnet.dll

JVMTI agents:
c:\Users\Mathis\.antigravity\extensions\redhat.java-1.52.0-win32-x64\lombok\lombok-1.18.39-4050.jar path:c:\Users\Mathis\.antigravity\extensions\redhat.java-1.52.0-win32-x64\jre\21.0.9-win32-x86_64\bin\instrument.dll, loaded, initialized, instrumentlib options:none

dbghelp: loaded successfully - version: 4.0.5 - missing functions: none
symbol engine: initialized successfully - sym options: 0x614 - pdb path: .;c:\Users\Mathis\.antigravity\extensions\redhat.java-1.52.0-win32-x64\jre\21.0.9-win32-x86_64\bin;C:\WINDOWS\SYSTEM32;C:\WINDOWS\WinSxS\amd64_microsoft.windows.common-controls_6595b64144ccf1df_6.0.26100.8037_none_3e092faae333b53b;c:\Users\Mathis\.antigravity\extensions\redhat.java-1.52.0-win32-x64\jre\21.0.9-win32-x86_64\bin\server;C:\Users\Mathis\AppData\Roaming\Antigravity\User\globalStorage\redhat.java\1.52.0\config_win\org.eclipse.equinox.launcher\org.eclipse.equinox.launcher.win32.win32.x86_64_1.2.1500.v20260121-1430;C:\Users\Mathis\AppData\Local\Temp\jna--1997382062

VM Arguments:
jvm_args: --add-modules=ALL-SYSTEM --add-opens=java.base/java.util=ALL-UNNAMED --add-opens=java.base/java.lang=ALL-UNNAMED --add-opens=java.base/sun.nio.fs=ALL-UNNAMED -Declipse.application=org.eclipse.jdt.ls.core.id1 -Dosgi.bundles.defaultStartLevel=4 -Declipse.product=org.eclipse.jdt.ls.core.product -Djava.import.generatesMetadataFilesAtProjectRoot=false -DDetectVMInstallationsJob.disabled=true -Dfile.encoding=utf8 -XX:+UseParallelGC -XX:GCTimeRatio=4 -XX:AdaptiveSizePolicyWeight=90 -Dsun.zip.disableMemoryMapping=true -Xmx2G -Xms100m -Xlog:disable -javaagent:c:\Users\Mathis\.antigravity\extensions\redhat.java-1.52.0-win32-x64\lombok\lombok-1.18.39-4050.jar -XX:+HeapDumpOnOutOfMemoryError -XX:HeapDumpPath=c:\Users\Mathis\AppData\Roaming\Antigravity\User\workspaceStorage\833da29168f12bd4bdf3134e66426bed\redhat.java -Daether.dependencyCollector.impl=bf 
java_command: c:\Users\Mathis\.antigravity\extensions\redhat.java-1.52.0-win32-x64\server\plugins\org.eclipse.equinox.launcher_1.7.100.v20251111-0406.jar -configuration c:\Users\Mathis\AppData\Roaming\Antigravity\User\globalStorage\redhat.java\1.52.0\config_win -data c:\Users\Mathis\AppData\Roaming\Antigravity\User\workspaceStorage\833da29168f12bd4bdf3134e66426bed\redhat.java\jdt_ws --pipe=\\.\pipe\lsp-9b663b4950555378bbb3b9b73e12fd0d-sock
java_class_path (initial): c:\Users\Mathis\.antigravity\extensions\redhat.java-1.52.0-win32-x64\server\plugins\org.eclipse.equinox.launcher_1.7.100.v20251111-0406.jar
Launcher Type: SUN_STANDARD

[Global flags]
    uintx AdaptiveSizePolicyWeight                 = 90                                        {product} {command line}
     intx CICompilerCount                          = 4                                         {product} {ergonomic}
    uintx GCTimeRatio                              = 4                                         {product} {command line}
     bool HeapDumpOnOutOfMemoryError               = true                                   {manageable} {command line}
    ccstr HeapDumpPath                             = c:\Users\Mathis\AppData\Roaming\Antigravity\User\workspaceStorage\833da29168f12bd4bdf3134e66426bed\redhat.java         {manageable} {command line}
   size_t InitialHeapSize                          = 104857600                                 {product} {command line}
   size_t MaxHeapSize                              = 2147483648                                {product} {command line}
   size_t MaxNewSize                               = 715653120                                 {product} {ergonomic}
   size_t MinHeapDeltaBytes                        = 524288                                    {product} {ergonomic}
   size_t MinHeapSize                              = 104857600                                 {product} {command line}
   size_t NewSize                                  = 34603008                                  {product} {ergonomic}
    uintx NonNMethodCodeHeapSize                   = 5839372                                {pd product} {ergonomic}
    uintx NonProfiledCodeHeapSize                  = 122909434                              {pd product} {ergonomic}
   size_t OldSize                                  = 70254592                                  {product} {ergonomic}
    uintx ProfiledCodeHeapSize                     = 122909434                              {pd product} {ergonomic}
    uintx ReservedCodeCacheSize                    = 251658240                              {pd product} {ergonomic}
     bool SegmentedCodeCache                       = true                                      {product} {ergonomic}
   size_t SoftMaxHeapSize                          = 2147483648                             {manageable} {ergonomic}
     bool UseCompressedOops                        = true                           {product lp64_product} {ergonomic}
     bool UseLargePagesIndividualAllocation        = false                                  {pd product} {ergonomic}
     bool UseParallelGC                            = true                                      {product} {command line}

Logging:
Log output configuration:
 #0: stdout all=off uptime,level,tags foldmultilines=false
 #1: stderr all=off uptime,level,tags foldmultilines=false

Release file:
JAVA_VERSION="21.0.9" 
MODULES="java.base java.compiler java.datatransfer java.xml java.prefs java.desktop java.instrument java.logging java.management java.security.sasl java.naming java.rmi java.management.rmi java.net.http java.scripting java.security.jgss java.transaction.xa java.sql java.sql.rowset java.xml.crypto java.se java.smartcardio jdk.accessibility jdk.internal.jvmstat jdk.attach jdk.charsets jdk.internal.opt jdk.zipfs jdk.compiler jdk.crypto.ec jdk.crypto.cryptoki jdk.crypto.mscapi jdk.dynalink jdk.internal.ed jdk.editpad jdk.hotspot.agent jdk.httpserver jdk.internal.le jdk.internal.vm.ci jdk.internal.vm.compiler jdk.internal.vm.compiler.management jdk.jartool jdk.javadoc jdk.jcmd jdk.management jdk.management.agent jdk.jconsole jdk.jdeps jdk.jdwp.agent jdk.jdi jdk.jfr jdk.jshell jdk.jsobject jdk.jstatd jdk.localedata jdk.management.jfr jdk.naming.dns jdk.naming.rmi jdk.net jdk.nio.mapmode jdk.random jdk.sctp jdk.security.auth jdk.security.jgss jdk.unsupported jdk.unsupported.desktop jdk.xml.dom" 

Environment Variables:
JAVA_HOME=C:\Program Files\Microsoft\jdk-21.0.9.10-hotspot\
PATH=C:\Program Files\Common Files\Oracle\Java\javapath;C:\Program Files\Microsoft\jdk-21.0.9.10-hotspot\bin;C:\Program Files\Eclipse Adoptium\jdk-21.0.9.10-hotspot\bin;C:\WINDOWS\system32;C:\WINDOWS;C:\WINDOWS\System32\Wbem;C:\WINDOWS\System32\WindowsPowerShell\v1.0\;C:\WINDOWS\System32\OpenSSH\;C:\Program Files\dotnet\;C:\Program Files\Git\cmd;C:\ProgramData\chocolatey\bin;C:\Program Files\nodejs\;C:\Program Files\Docker\Docker\resources\bin;C:\Users\Mathis\AppData\Local\Programs\Python\Python312\Scripts\;C:\Users\Mathis\AppData\Local\Programs\Python\Python312\;C:\Users\Mathis\AppData\Local\Microsoft\WindowsApps;C:\Users\Mathis\AppData\Local\JetBrains\Toolbox\scripts;C:\Users\Mathis\.dotnet\tools;C:\Users\Mathis\AppData\Roaming\npm;C:\Users\Mathis\AppData\Local\Programs\Antigravity\bin;C:\Users\Mathis\AppData\Local\Microsoft\WinGet\Links;C:\Users\Mathis\AppData\Local\PowerToys\DSCModules\;C:\Users\Mathis\AppData\Local\Programs\Microsoft VS Code\bin;C:\Users\Mathis\AppData\Local\Programs\cursor\resources\app\bin;c:\Users\Mathis\.cursor\extensions\vscjava.vscode-java-debug-0.58.5-universal\bundled\scripts\noConfigScripts
USERNAME=Mathis
LANG=en_US.UTF-8
OS=Windows_NT
PROCESSOR_IDENTIFIER=Intel64 Family 6 Model 154 Stepping 4, GenuineIntel
TMP=C:\Users\Mathis\AppData\Local\Temp
TEMP=C:\Users\Mathis\AppData\Local\Temp




Periodic native trim disabled

---------------  S Y S T E M  ---------------

OS:
 Windows 11 , 64 bit Build 26100 (10.0.26100.7920)
OS uptime: 2 days 2:33 hours
Hyper-V role detected

CPU: total 12 (initial active 12) (6 cores per cpu, 2 threads per core) family 6 model 154 stepping 4 microcode 0x421, cx8, cmov, fxsr, ht, mmx, 3dnowpref, sse, sse2, sse3, ssse3, sse4.1, sse4.2, popcnt, lzcnt, tsc, tscinvbit, avx, avx2, aes, erms, clmul, bmi1, bmi2, adx, sha, fma, vzeroupper, clflush, clflushopt, clwb, hv, serialize, rdtscp, rdpid, fsrm, f16c, cet_ibt, cet_ss
Processor Information for processor 0
  Max Mhz: 1300, Current Mhz: 1300, Mhz Limit: 1300
Processor Information for processor 1
  Max Mhz: 1300, Current Mhz: 1300, Mhz Limit: 1300
Processor Information for processor 2
  Max Mhz: 1300, Current Mhz: 1300, Mhz Limit: 1300
Processor Information for processor 3
  Max Mhz: 1300, Current Mhz: 1300, Mhz Limit: 1300
Processor Information for processor 4
  Max Mhz: 1300, Current Mhz: 900, Mhz Limit: 897
Processor Information for processor 5
  Max Mhz: 1300, Current Mhz: 900, Mhz Limit: 897
Processor Information for processor 6
  Max Mhz: 1300, Current Mhz: 900, Mhz Limit: 897
Processor Information for processor 7
  Max Mhz: 1300, Current Mhz: 900, Mhz Limit: 897
Processor Information for processor 8
  Max Mhz: 1300, Current Mhz: 900, Mhz Limit: 897
Processor Information for processor 9
  Max Mhz: 1300, Current Mhz: 900, Mhz Limit: 897
Processor Information for processor 10
  Max Mhz: 1300, Current Mhz: 900, Mhz Limit: 897
Processor Information for processor 11
  Max Mhz: 1300, Current Mhz: 900, Mhz Limit: 897

Memory: 4k page, system-wide physical 16088M (300M free)
TotalPageFile size 46423M (AvailPageFile size 17M)
current process WorkingSet (physical memory assigned to process): 10M, peak: 792M
current process commit charge ("private bytes"): 880M, peak: 901M

vm_info: OpenJDK 64-Bit Server VM (21.0.9+10-LTS) for windows-amd64 JRE (21.0.9+10-LTS), built on 2025-10-21T00:00:00Z by "admin" with unknown MS VC++:1942

END.
